<?xml version="1.0" encoding="UTF-8"?>
<testng-results skipped="0" failed="0" total="1" passed="1">
  <reporter-output>
  </reporter-output>
  <suite name="TestNG Demo" duration-ms="80687" started-at="2021-04-10T05:59:41Z" finished-at="2021-04-10T06:01:02Z">
    <groups>
    </groups>
    <test name="Login Demo" duration-ms="80687" started-at="2021-04-10T05:59:41Z" finished-at="2021-04-10T06:01:02Z">
      <class name="com.Maven_Demo1.TestDriver.Login_Driver">
        <test-method status="PASS" signature="setDriver()[pri:0, instance:com.Maven_Demo1.TestDriver.Login_Driver@19bb089b]" name="setDriver" is-config="true" duration-ms="9524" started-at="2021-04-10T11:29:41Z" finished-at="2021-04-10T11:29:51Z">
          <reporter-output>
          </reporter-output>
        </test-method> <!-- setDriver -->
        <test-method status="PASS" signature="myLogin()[pri:0, instance:com.Maven_Demo1.TestDriver.Login_Driver@19bb089b]" name="myLogin" duration-ms="67824" started-at="2021-04-10T11:29:51Z" finished-at="2021-04-10T11:30:59Z">
          <reporter-output>
          </reporter-output>
        </test-method> <!-- myLogin -->
        <test-method status="PASS" signature="killDriver()[pri:0, instance:com.Maven_Demo1.TestDriver.Login_Driver@19bb089b]" name="killDriver" is-config="true" duration-ms="3296" started-at="2021-04-10T11:30:59Z" finished-at="2021-04-10T11:31:02Z">
          <reporter-output>
          </reporter-output>
        </test-method> <!-- killDriver -->
      </class> <!-- com.Maven_Demo1.TestDriver.Login_Driver -->
    </test> <!-- Login Demo -->
  </suite> <!-- TestNG Demo -->
</testng-results>
