<?xml version="1.0" encoding="UTF-8"?>
<testng-results skipped="0" failed="0" total="1" passed="1">
  <reporter-output>
  </reporter-output>
  <suite name="Default suite" duration-ms="27314" started-at="2016-08-30T04:39:59Z" finished-at="2016-08-30T04:40:26Z">
    <groups>
    </groups>
    <test name="Default test" duration-ms="27314" started-at="2016-08-30T04:39:59Z" finished-at="2016-08-30T04:40:26Z">
      <class name="com.Maven_Demo1.TestDriver.Login_Driver">
        <test-method status="PASS" signature="setDriver()[pri:0, instance:com.Maven_Demo1.TestDriver.Login_Driver@56f4468b]" name="setDriver" is-config="true" duration-ms="8417" started-at="2016-08-30T10:09:59Z" finished-at="2016-08-30T10:10:07Z">
          <reporter-output>
          </reporter-output>
        </test-method> <!-- setDriver -->
        <test-method status="PASS" signature="myLogin()[pri:0, instance:com.Maven_Demo1.TestDriver.Login_Driver@56f4468b]" name="myLogin" duration-ms="18811" started-at="2016-08-30T10:10:08Z" finished-at="2016-08-30T10:10:26Z">
          <reporter-output>
          </reporter-output>
        </test-method> <!-- myLogin -->
        <test-method status="PASS" signature="killDriver()[pri:0, instance:com.Maven_Demo1.TestDriver.Login_Driver@56f4468b]" name="killDriver" is-config="true" duration-ms="0" started-at="2016-08-30T10:10:26Z" finished-at="2016-08-30T10:10:26Z">
          <reporter-output>
          </reporter-output>
        </test-method> <!-- killDriver -->
      </class> <!-- com.Maven_Demo1.TestDriver.Login_Driver -->
    </test> <!-- Default test -->
  </suite> <!-- Default suite -->
</testng-results>
